[32m[0830 15:20:36 @logger.py:74][0m Argv: /home/koby_a/tensorflow/tensorpack/examples/FasterRCNN/train.py
[32m[0830 15:20:36 @config.py:211][0m Config: ------------------------------------------
{'BACKBONE': {'FREEZE_AFFINE': False,
              'FREEZE_AT': 2,
              'NORM': 'FreezeBN',
              'RESNET_NUM_BLOCK': [3, 4, 6, 3],
              'STRIDE_1X1': False,
              'TF_PAD_MODE': False,
              'WEIGHTS': '/home/koby_a/tensorflow/trained_models_tensorpack/ImageNet-ResNet50/ImageNet-ResNet50.npz'},
 'DATA': {'BASEDIR': '/media/koby_a/Data/databases/coco',
          'CLASS_NAMES': [],
          'NUM_CATEGORY': 3,
          'NUM_CLASS': 4,
          'TRAIN': ['train2014', 'valminusminival2014'],
          'VAL': 'minival2014'},
 'FPN': {'ANCHOR_STRIDES': (4, 8, 16, 32, 64),
         'FRCNN_CONV_HEAD_DIM': 256,
         'FRCNN_FC_HEAD_DIM': 1024,
         'FRCNN_HEAD_FUNC': 'fastrcnn_2fc_head',
         'MRCNN_HEAD_FUNC': 'maskrcnn_up4conv_head',
         'NORM': 'None',
         'NUM_CHANNEL': 256,
         'PROPOSAL_MODE': 'Level',
         'RESOLUTION_REQUIREMENT': 32},
 'FRCNN': {'BATCH_PER_IM': 256,
           'BBOX_REG_WEIGHTS': [10.0, 10.0, 5.0, 5.0],
           'FG_RATIO': 0.25,
           'FG_THRESH': 0.5},
 'MODE_FPN': False,
 'MODE_MASK': False,
 'MRCNN': {'HEAD_DIM': 256},
 'PREPROC': {'MAX_SIZE': 1333,
             'PIXEL_MEAN': [123.675, 116.28, 103.53],
             'PIXEL_STD': [58.395, 57.12, 57.375],
             'SHORT_EDGE_SIZE': 800},
 'RPN': {'ANCHOR_RATIOS': (0.5, 1.0, 2.0),
         'ANCHOR_SIZES': (32, 64, 128, 256, 512),
         'ANCHOR_STRIDE': 16,
         'BATCH_PER_IM': 256,
         'CROWD_OVERLAP_THRESH': 0.7,
         'FG_RATIO': 0.5,
         'HEAD_DIM': 1024,
         'MIN_SIZE': 0,
         'NEGATIVE_ANCHOR_THRESH': 0.3,
         'NUM_ANCHOR': 15,
         'POSITIVE_ANCHOR_THRESH': 0.7,
         'PROPOSAL_NMS_THRESH': 0.7,
         'TEST_PER_LEVEL_NMS_TOPK': 1000,
         'TEST_POST_NMS_TOPK': 1000,
         'TEST_PRE_NMS_TOPK': 6000,
         'TRAIN_PER_LEVEL_NMS_TOPK': 2000,
         'TRAIN_POST_NMS_TOPK': 2000,
         'TRAIN_PRE_NMS_TOPK': 12000},
 'TEST': {'FRCNN_NMS_THRESH': 0.5,
          'RESULTS_PER_IM': 100,
          'RESULT_SCORE_THRESH': 0.0001,
          'RESULT_SCORE_THRESH_VIS': 0.3},
 'TRAIN': {'BASE_LR': 0.01,
           'LR_SCHEDULE': [120000, 160000, 180000],
           'NUM_GPUS': 1,
           'STEPS_PER_EPOCH': 250,
           'WARMUP': 1000,
           'WEIGHT_DECAY': 0.0001},
 'TRAINER': 'replicated'}
[32m[0830 15:20:36 @train.py:568][0m Warm Up Schedule (steps, value): [(0, 0.026400000000000003), (1000, 0.01)]
[32m[0830 15:20:36 @train.py:569][0m LR Schedule (epochs, value): [(4, 0.01), (3840.0, 0.001), (5120.0, 0.00010000000000000002)]
[32m[0830 15:20:36 @prof.py:45][0m [5m[31mWRN[0m [GPUUtilizationTracker] Both devices and CUDA_VISIBLE_DEVICES are None! Will monitor all 1 visible GPUs!
